<?xml version="1.0" encoding="UTF-8"?>
<!-- Generated by org.testng.reporters.JUnitReportReporter -->
<testsuite hostname="DESKTOP-K0CH7S3" failures="0" tests="5" name="CicdSelenium.Selenium" time="18.383" errors="0" timestamp="04 Oct 2023 14:03:55 GMT" skipped="0">
  <testcase classname="CicdSelenium.Selenium" name="T5_Logout" time="3.025"/>
  <testcase classname="CicdSelenium.Selenium" name="T3_LandingPage" time="3.019"/>
  <testcase classname="CicdSelenium.Selenium" name="T2_Login" time="3.018"/>
  <testcase classname="CicdSelenium.Selenium" name="T1_Launch" time="6.308"/>
  <testcase classname="CicdSelenium.Selenium" name="T4_MainTransaction" time="3.013"/>
</testsuite> <!-- CicdSelenium.Selenium -->
